<?xml version="1.0" encoding="UTF-8"?>
<!-- Generated by org.testng.reporters.JUnitReportReporter -->
<testsuite skipped="0" hostname="DESKTOP-OV26RH1" name="cucumberOptions.TestRunner" tests="1" failures="0" timestamp="2021-09-05T01:01:35 IST" time="35.978" errors="0">
  <testcase name="runScenario" time="35.978" classname="cucumberOptions.TestRunner"/>
  <system-out/>
</testsuite> <!-- cucumberOptions.TestRunner -->
